Using launch settings from C:\Projects\BlueSky\backend\Properties\launchSettings.json...
Building...
C:\Projects\BlueSky\backend\BSkyClone.csproj : warning NU1902: Package 'SixLabors.ImageSharp' 3.1.7 has a known moderate severity vulnerability, https://github.com/advisories/GHSA-rxmq-m78w-7wmc
C:\Projects\BlueSky\backend\BSkyClone.csproj : warning NU1902: Package 'SixLabors.ImageSharp' 3.1.7 has a known moderate severity vulnerability, https://github.com/advisories/GHSA-rxmq-m78w-7wmc
C:\Projects\BlueSky\backend\DbCheck.cs(12,34): warning CS7022: The entry point of the program is global code; ignoring 'DbCheck.Main(string[])' entry point. [C:\Projects\BlueSky\backend\BSkyClone.csproj]
C:\Projects\BlueSky\backend\Utilities\MstTestRunner.cs(54,32): warning CS8600: Converting null literal or possible null value to non-nullable type. [C:\Projects\BlueSky\backend\BSkyClone.csproj]
C:\Projects\BlueSky\backend\Utilities\MstTestRunner.cs(79,32): warning CS8600: Converting null literal or possible null value to non-nullable type. [C:\Projects\BlueSky\backend\BSkyClone.csproj]
C:\Projects\BlueSky\backend\Utilities\MstTestRunner.cs(111,29): warning CS8604: Possible null reference argument for parameter 'item' in 'void List<string>.Add(string item)'. [C:\Projects\BlueSky\backend\BSkyClone.csproj]
C:\Projects\BlueSky\backend\Middleware\XrpcMiddleware.cs(37,28): warning CS1998: This async method lacks 'await' operators and will run synchronously. Consider using the 'await' operator to await non-blocking API calls, or 'await Task.Run(...)' to do CPU-bound work on a background thread. [C:\Projects\BlueSky\backend\BSkyClone.csproj]
C:\Projects\BlueSky\backend\Utilities\MstService.cs(46,30): warning CS8600: Converting null literal or possible null value to non-nullable type. [C:\Projects\BlueSky\backend\BSkyClone.csproj]
C:\Projects\BlueSky\backend\Utilities\MstService.cs(49,54): warning CS8604: Possible null reference argument for parameter 'nodeCid' in 'Task<string> MstService.InsertRecursiveAsync(string nodeCid, string key, string value, int keyLevel, string did)'. [C:\Projects\BlueSky\backend\BSkyClone.csproj]
C:\Projects\BlueSky\backend\Utilities\MstService.cs(62,30): warning CS8600: Converting null literal or possible null value to non-nullable type. [C:\Projects\BlueSky\backend\BSkyClone.csproj]
C:\Projects\BlueSky\backend\Utilities\MstService.cs(64,54): warning CS8604: Possible null reference argument for parameter 'nodeCid' in 'Task<string> MstService.DeleteRecursiveAsync(string nodeCid, string key, string did)'. [C:\Projects\BlueSky\backend\BSkyClone.csproj]
C:\Projects\BlueSky\backend\Utilities\MstService.cs(75,38): warning CS8603: Possible null reference return. [C:\Projects\BlueSky\backend\BSkyClone.csproj]
C:\Projects\BlueSky\backend\Utilities\MstService.cs(228,55): warning CS8619: Nullability of reference types in value of type '(string?, string?)' doesn't match target type '(string left, string right)'. [C:\Projects\BlueSky\backend\BSkyClone.csproj]
C:\Projects\BlueSky\backend\Utilities\MstService.cs(231,38): warning CS8619: Nullability of reference types in value of type '(string?, string?)' doesn't match target type '(string left, string right)'. [C:\Projects\BlueSky\backend\BSkyClone.csproj]
C:\Projects\BlueSky\backend\Utilities\MstService.cs(266,51): warning CS8603: Possible null reference return. [C:\Projects\BlueSky\backend\BSkyClone.csproj]
C:\Projects\BlueSky\backend\Utilities\MstService.cs(268,39): warning CS8603: Possible null reference return. [C:\Projects\BlueSky\backend\BSkyClone.csproj]
C:\Projects\BlueSky\backend\Utilities\MstService.cs(277,38): warning CS8603: Possible null reference return. [C:\Projects\BlueSky\backend\BSkyClone.csproj]
C:\Projects\BlueSky\backend\Utilities\MstService.cs(278,89): warning CS8603: Possible null reference return. [C:\Projects\BlueSky\backend\BSkyClone.csproj]
C:\Projects\BlueSky\backend\Utilities\MstService.cs(379,38): warning CS8603: Possible null reference return. [C:\Projects\BlueSky\backend\BSkyClone.csproj]
C:\Projects\BlueSky\backend\Utilities\MstService.cs(382,71): warning CS8601: Possible null reference assignment. [C:\Projects\BlueSky\backend\BSkyClone.csproj]
C:\Projects\BlueSky\backend\Utilities\MstService.cs(392,36): warning CS8600: Converting null literal or possible null value to non-nullable type. [C:\Projects\BlueSky\backend\BSkyClone.csproj]
C:\Projects\BlueSky\backend\Utilities\MstService.cs(398,37): warning CS8601: Possible null reference assignment. [C:\Projects\BlueSky\backend\BSkyClone.csproj]
C:\Projects\BlueSky\backend\Utilities\MstService.cs(399,39): warning CS8601: Possible null reference assignment. [C:\Projects\BlueSky\backend\BSkyClone.csproj]
C:\Projects\BlueSky\backend\Utilities\MstService.cs(401,41): warning CS8601: Possible null reference assignment. [C:\Projects\BlueSky\backend\BSkyClone.csproj]
C:\Projects\BlueSky\backend\Program.cs(760,115): warning CS8604: Possible null reference argument for parameter 'valueCid' in 'Task<string> MstService.UpdateRecordAsync(string did, string key, string valueCid)'. [C:\Projects\BlueSky\backend\BSkyClone.csproj]
C:\Projects\BlueSky\backend\Program.cs(764,115): warning CS8604: Possible null reference argument for parameter 'valueCid' in 'Task<string> MstService.UpdateRecordAsync(string did, string key, string valueCid)'. [C:\Projects\BlueSky\backend\BSkyClone.csproj]
C:\Projects\BlueSky\backend\Program.cs(768,120): warning CS8604: Possible null reference argument for parameter 'valueCid' in 'Task<string> MstService.UpdateRecordAsync(string did, string key, string valueCid)'. [C:\Projects\BlueSky\backend\BSkyClone.csproj]
C:\Projects\BlueSky\backend\Program.cs(772,119): warning CS8604: Possible null reference argument for parameter 'valueCid' in 'Task<string> MstService.UpdateRecordAsync(string did, string key, string valueCid)'. [C:\Projects\BlueSky\backend\BSkyClone.csproj]
C:\Projects\BlueSky\backend\Utilities\MstService.cs(26,23): warning CS8618: Non-nullable property 'LeftChild' must contain a non-null value when exiting constructor. Consider adding the 'required' modifier or declaring the property as nullable. [C:\Projects\BlueSky\backend\BSkyClone.csproj]
C:\Projects\BlueSky\backend\Utilities\MstService.cs(15,23): warning CS8618: Non-nullable property 'Key' must contain a non-null value when exiting constructor. Consider adding the 'required' modifier or declaring the property as nullable. [C:\Projects\BlueSky\backend\BSkyClone.csproj]
C:\Projects\BlueSky\backend\Utilities\MstService.cs(16,23): warning CS8618: Non-nullable property 'Value' must contain a non-null value when exiting constructor. Consider adding the 'required' modifier or declaring the property as nullable. [C:\Projects\BlueSky\backend\BSkyClone.csproj]
C:\Projects\BlueSky\backend\Utilities\MstService.cs(17,23): warning CS8618: Non-nullable property 'Subtree' must contain a non-null value when exiting constructor. Consider adding the 'required' modifier or declaring the property as nullable. [C:\Projects\BlueSky\backend\BSkyClone.csproj]
C:\Projects\BlueSky\backend\Utilities\MstService.cs(21,23): warning CS8618: Non-nullable property 'KeySuffix' must contain a non-null value when exiting constructor. Consider adding the 'required' modifier or declaring the property as nullable. [C:\Projects\BlueSky\backend\BSkyClone.csproj]
C:\Projects\BlueSky\backend\Utilities\CborUtils.cs(137,48): warning CS8603: Possible null reference return. [C:\Projects\BlueSky\backend\BSkyClone.csproj]
C:\Projects\BlueSky\backend\Utilities\CborUtils.cs(138,48): warning CS8603: Possible null reference return. [C:\Projects\BlueSky\backend\BSkyClone.csproj]
C:\Projects\BlueSky\backend\Utilities\CborUtils.cs(148,32): warning CS8603: Possible null reference return. [C:\Projects\BlueSky\backend\BSkyClone.csproj]
C:\Projects\BlueSky\backend\Services\RepoManager.cs(51,96): warning CS8600: Converting null literal or possible null value to non-nullable type. [C:\Projects\BlueSky\backend\BSkyClone.csproj]
C:\Projects\BlueSky\backend\Services\PostService.cs(373,21): warning CS8602: Dereference of a possibly null reference. [C:\Projects\BlueSky\backend\BSkyClone.csproj]
C:\Projects\BlueSky\backend\Services\PlcService.cs(77,33): warning CS1998: This async method lacks 'await' operators and will run synchronously. Consider using the 'await' operator to await non-blocking API calls, or 'await Task.Run(...)' to do CPU-bound work on a background thread. [C:\Projects\BlueSky\backend\BSkyClone.csproj]
C:\Projects\BlueSky\backend\Utilities\CborUtils.cs(147,25): warning CA2022: Avoid inexact read with 'System.IO.Stream.Read(byte[], int, int)' (https://learn.microsoft.com/dotnet/fundamentals/code-analysis/quality-rules/ca2022) [C:\Projects\BlueSky\backend\BSkyClone.csproj]
C:\Projects\BlueSky\backend\Utilities\CborUtils.cs(185,13): warning CA2022: Avoid inexact read with 'System.IO.Stream.Read(byte[], int, int)' (https://learn.microsoft.com/dotnet/fundamentals/code-analysis/quality-rules/ca2022) [C:\Projects\BlueSky\backend\BSkyClone.csproj]
C:\Projects\BlueSky\backend\Utilities\CborUtils.cs(163,17): warning CA2022: Avoid inexact read with 'System.IO.Stream.Read(byte[], int, int)' (https://learn.microsoft.com/dotnet/fundamentals/code-analysis/quality-rules/ca2022) [C:\Projects\BlueSky\backend\BSkyClone.csproj]
C:\Projects\BlueSky\backend\Utilities\CborUtils.cs(169,17): warning CA2022: Avoid inexact read with 'System.IO.Stream.Read(byte[], int, int)' (https://learn.microsoft.com/dotnet/fundamentals/code-analysis/quality-rules/ca2022) [C:\Projects\BlueSky\backend\BSkyClone.csproj]
C:\Projects\BlueSky\backend\Utilities\CborUtils.cs(175,17): warning CA2022: Avoid inexact read with 'System.IO.Stream.Read(byte[], int, int)' (https://learn.microsoft.com/dotnet/fundamentals/code-analysis/quality-rules/ca2022) [C:\Projects\BlueSky\backend\BSkyClone.csproj]
C:\Projects\BlueSky\backend\Utilities\CarUtils.cs(79,19): warning CA2022: Avoid inexact read with 'System.IO.Stream.ReadAsync(byte[], int, int)' (https://learn.microsoft.com/dotnet/fundamentals/code-analysis/quality-rules/ca2022) [C:\Projects\BlueSky\backend\BSkyClone.csproj]
C:\Projects\BlueSky\backend\Utilities\CarUtils.cs(94,23): warning CA2022: Avoid inexact read with 'System.IO.Stream.ReadAsync(byte[], int, int)' (https://learn.microsoft.com/dotnet/fundamentals/code-analysis/quality-rules/ca2022) [C:\Projects\BlueSky\backend\BSkyClone.csproj]
C:\Program Files\dotnet\sdk\9.0.304\Microsoft.Common.CurrentVersion.targets(5394,5): warning MSB3026: Could not copy "C:\Projects\BlueSky\backend\obj\Debug\net9.0\apphost.exe" to "bin\Debug\net9.0\BSkyClone.exe". Beginning retry 1 in 1000ms. The process cannot access the file 'C:\Projects\BlueSky\backend\bin\Debug\net9.0\BSkyClone.exe' because it is being used by another process. The file is locked by: "BSkyClone (19372)" [C:\Projects\BlueSky\backend\BSkyClone.csproj]
C:\Program Files\dotnet\sdk\9.0.304\Microsoft.Common.CurrentVersion.targets(5394,5): warning MSB3026: Could not copy "C:\Projects\BlueSky\backend\obj\Debug\net9.0\apphost.exe" to "bin\Debug\net9.0\BSkyClone.exe". Beginning retry 2 in 1000ms. The process cannot access the file 'C:\Projects\BlueSky\backend\bin\Debug\net9.0\BSkyClone.exe' because it is being used by another process. The file is locked by: "BSkyClone (19372)" [C:\Projects\BlueSky\backend\BSkyClone.csproj]
C:\Program Files\dotnet\sdk\9.0.304\Microsoft.Common.CurrentVersion.targets(5394,5): warning MSB3026: Could not copy "C:\Projects\BlueSky\backend\obj\Debug\net9.0\apphost.exe" to "bin\Debug\net9.0\BSkyClone.exe". Beginning retry 3 in 1000ms. The process cannot access the file 'C:\Projects\BlueSky\backend\bin\Debug\net9.0\BSkyClone.exe' because it is being used by another process. The file is locked by: "BSkyClone (19372)" [C:\Projects\BlueSky\backend\BSkyClone.csproj]
C:\Program Files\dotnet\sdk\9.0.304\Microsoft.Common.CurrentVersion.targets(5394,5): warning MSB3026: Could not copy "C:\Projects\BlueSky\backend\obj\Debug\net9.0\apphost.exe" to "bin\Debug\net9.0\BSkyClone.exe". Beginning retry 4 in 1000ms. The process cannot access the file 'C:\Projects\BlueSky\backend\bin\Debug\net9.0\BSkyClone.exe' because it is being used by another process. The file is locked by: "BSkyClone (19372)" [C:\Projects\BlueSky\backend\BSkyClone.csproj]
