Using launch settings from C:\Projects\BlueSky\backend\Properties\launchSettings.json...
Building...
C:\Projects\BlueSky\backend\BSkyClone.csproj : warning NU1902: Package 'SixLabors.ImageSharp' 3.1.7 has a known moderate severity vulnerability, https://github.com/advisories/GHSA-rxmq-m78w-7wmc
C:\Projects\BlueSky\backend\BSkyClone.csproj : warning NU1902: Package 'SixLabors.ImageSharp' 3.1.7 has a known moderate severity vulnerability, https://github.com/advisories/GHSA-rxmq-m78w-7wmc
info: Microsoft.EntityFrameworkCore.Database.Command[20101]
      Executed DbCommand (13ms) [Parameters=[], CommandType='Text', CommandTimeout='30']
      SELECT 1
info: Microsoft.EntityFrameworkCore.Migrations[20411]
      Acquiring an exclusive lock for migration application. See https://aka.ms/efcore-docs-migrations-lock for more information if this takes too long.
info: Microsoft.EntityFrameworkCore.Database.Command[20101]
      Executed DbCommand (27ms) [Parameters=[], CommandType='Text', CommandTimeout='30']
      DECLARE @result int;
      EXEC @result = sp_getapplock @Resource = '__EFMigrationsLock', @LockOwner = 'Session', @LockMode = 'Exclusive';
      SELECT @result
info: Microsoft.EntityFrameworkCore.Database.Command[20101]
      Executed DbCommand (7ms) [Parameters=[], CommandType='Text', CommandTimeout='30']
      IF OBJECT_ID(N'[__EFMigrationsHistory]') IS NULL
      BEGIN
          CREATE TABLE [__EFMigrationsHistory] (
              [MigrationId] nvarchar(150) NOT NULL,
              [ProductVersion] nvarchar(32) NOT NULL,
              CONSTRAINT [PK___EFMigrationsHistory] PRIMARY KEY ([MigrationId])
          );
      END;
info: Microsoft.EntityFrameworkCore.Database.Command[20101]
      Executed DbCommand (1ms) [Parameters=[], CommandType='Text', CommandTimeout='30']
      SELECT 1
info: Microsoft.EntityFrameworkCore.Database.Command[20101]
      Executed DbCommand (0ms) [Parameters=[], CommandType='Text', CommandTimeout='30']
      SELECT OBJECT_ID(N'[__EFMigrationsHistory]');
info: Microsoft.EntityFrameworkCore.Database.Command[20101]
      Executed DbCommand (8ms) [Parameters=[], CommandType='Text', CommandTimeout='30']
      SELECT [MigrationId], [ProductVersion]
      FROM [__EFMigrationsHistory]
      ORDER BY [MigrationId];
info: Microsoft.EntityFrameworkCore.Migrations[20402]
      Applying migration '20260315060923_AddMstPropertiesToUser'.
info: Microsoft.EntityFrameworkCore.Database.Command[20101]
      Executed DbCommand (119ms) [Parameters=[], CommandType='Text', CommandTimeout='30']
      DECLARE @var0 sysname;
      SELECT @var0 = [d].[name]
      FROM [sys].[default_constraints] [d]
      INNER JOIN [sys].[columns] [c] ON [d].[parent_column_id] = [c].[column_id] AND [d].[parent_object_id] = [c].[object_id]
      WHERE ([d].[parent_object_id] = OBJECT_ID(N'[Users]') AND [c].[name] = N'RepoRev');
      IF @var0 IS NOT NULL EXEC(N'ALTER TABLE [Users] DROP CONSTRAINT [' + @var0 + '];');
      ALTER TABLE [Users] ALTER COLUMN [RepoRev] nvarchar(20) NULL;
info: Microsoft.EntityFrameworkCore.Database.Command[20101]
      Executed DbCommand (15ms) [Parameters=[], CommandType='Text', CommandTimeout='30']
      DECLARE @var1 sysname;
      SELECT @var1 = [d].[name]
      FROM [sys].[default_constraints] [d]
      INNER JOIN [sys].[columns] [c] ON [d].[parent_column_id] = [c].[column_id] AND [d].[parent_object_id] = [c].[object_id]
      WHERE ([d].[parent_object_id] = OBJECT_ID(N'[Users]') AND [c].[name] = N'RepoCommitSignature');
      IF @var1 IS NOT NULL EXEC(N'ALTER TABLE [Users] DROP CONSTRAINT [' + @var1 + '];');
      ALTER TABLE [Users] ALTER COLUMN [RepoCommitSignature] nvarchar(256) NULL;
fail: Microsoft.EntityFrameworkCore.Database.Command[20102]
      Failed executing DbCommand (10ms) [Parameters=[], CommandType='Text', CommandTimeout='30']
      ALTER TABLE [Users] ADD [RepoCommit] nvarchar(100) NULL;
fail: Program[0]
      Database migration failed. Attempting manual schema updates as fallback...
      Microsoft.Data.SqlClient.SqlException (0x80131904): Column names in each table must be unique. Column name 'RepoCommit' in table 'Users' is specified more than once.
         at Microsoft.Data.SqlClient.SqlConnection.OnError(SqlException exception, Boolean breakConnection, Action`1 wrapCloseInAction)
         at Microsoft.Data.SqlClient.SqlInternalConnection.OnError(SqlException exception, Boolean breakConnection, Action`1 wrapCloseInAction)
         at Microsoft.Data.SqlClient.TdsParser.ThrowExceptionAndWarning(TdsParserStateObject stateObj, Boolean callerHasConnectionLock, Boolean asyncClose)
         at Microsoft.Data.SqlClient.TdsParser.TryRun(RunBehavior runBehavior, SqlCommand cmdHandler, SqlDataReader dataStream, BulkCopySimpleResultSet bulkCopyHandler, TdsParserStateObject stateObj, Boolean& dataReady)
         at Microsoft.Data.SqlClient.SqlCommand.RunExecuteNonQueryTds(String methodName, Boolean isAsync, Int32 timeout, Boolean asyncWrite)
         at Microsoft.Data.SqlClient.SqlCommand.InternalExecuteNonQuery(TaskCompletionSource`1 completion, Boolean sendToPipe, Int32 timeout, Boolean& usedCache, Boolean asyncWrite, Boolean inRetry, String methodName)
         at Microsoft.Data.SqlClient.SqlCommand.ExecuteNonQuery()
         at Microsoft.EntityFrameworkCore.Storage.RelationalCommand.ExecuteNonQuery(RelationalCommandParameterObject parameterObject)
         at Microsoft.EntityFrameworkCore.Migrations.MigrationCommand.ExecuteNonQuery(IRelationalConnection connection, IReadOnlyDictionary`2 parameterValues)
         at Microsoft.EntityFrameworkCore.Migrations.Internal.MigrationCommandExecutor.Execute(IReadOnlyList`1 migrationCommands, IRelationalConnection connection, MigrationExecutionState executionState, Boolean beginTransaction, Boolean commitTransaction, Nullable`1 isolationLevel)
         at Microsoft.EntityFrameworkCore.Migrations.Internal.MigrationCommandExecutor.<>c.<ExecuteNonQuery>b__3_1(DbContext _, ValueTuple`6 s)
         at Microsoft.EntityFrameworkCore.Storage.ExecutionStrategy.Execute[TState,TResult](TState state, Func`3 operation, Func`3 verifySucceeded)
         at Microsoft.EntityFrameworkCore.Migrations.Internal.MigrationCommandExecutor.ExecuteNonQuery(IReadOnlyList`1 migrationCommands, IRelationalConnection connection, MigrationExecutionState executionState, Boolean commitTransaction, Nullable`1 isolationLevel)
         at Microsoft.EntityFrameworkCore.Migrations.Internal.Migrator.MigrateImplementation(DbContext context, String targetMigration, MigrationExecutionState state, Boolean useTransaction)
         at Microsoft.EntityFrameworkCore.Migrations.Internal.Migrator.<>c.<Migrate>b__20_1(DbContext c, ValueTuple`4 s)
         at Microsoft.EntityFrameworkCore.Storage.ExecutionStrategy.<>c__DisplayClass28_0`2.<Execute>b__0(DbContext context, TState state)
         at Microsoft.EntityFrameworkCore.Storage.ExecutionStrategy.ExecuteImplementation[TState,TResult](Func`3 operation, Func`3 verifySucceeded, TState state)
         at Microsoft.EntityFrameworkCore.Storage.ExecutionStrategy.Execute[TState,TResult](TState state, Func`3 operation, Func`3 verifySucceeded)
         at Microsoft.EntityFrameworkCore.Migrations.Internal.Migrator.Migrate(String targetMigration)
         at Microsoft.EntityFrameworkCore.RelationalDatabaseFacadeExtensions.Migrate(DatabaseFacade databaseFacade)
         at Program.<Main>$(String[] args) in C:\Projects\BlueSky\backend\Program.cs:line 243
      ClientConnectionId:d5b13298-e85b-4f6d-b60c-7f9bb9c81b6b
      Error Number:2705,State:4,Class:16
info: Program[0]
      Applied/Verified manual schema updates for Notifications and User properties.
info: Program[0]
      Applied manual schema updates for MutedWords.
info: Program[0]
      Finished checking/applying Post interaction schema updates.
info: Program[0]
      Verified/Applied UserSettings resilience columns.
info: Program[0]
      Applied manual schema updates for Hashtags, Lists, SupportRequests, and Cleanup.
info: Program[0]
      Applied Block 6 - Core Entities Schema Repair.
info: Program[0]
      Applied Block 7 - Relationship and System Schema Repair.
info: Program[0]
      Applied Block 8 - AT Protocol Metadata Schema Repair.
info: Microsoft.EntityFrameworkCore.Database.Command[20101]
      Executed DbCommand (4ms) [Parameters=[@__topic_Item1_0='?' (Size = 256)], CommandType='Text', CommandTimeout='30']
      SELECT TOP(1) [f].[Id], [f].[AvatarUrl], [f].[CreatedAt], [f].[CreatorId], [f].[Description], [f].[Handle], [f].[IsDeleted], [f].[IsOfficial], [f].[Name], [f].[SubscribersCount], [f].[Tid]
      FROM [Feeds] AS [f]
      WHERE [f].[IsOfficial] = CAST(1 AS bit) AND [f].[Name] = @__topic_Item1_0
info: Microsoft.EntityFrameworkCore.Database.Command[20101]
      Executed DbCommand (2ms) [Parameters=[@__topic_Item1_0='?' (Size = 100)], CommandType='Text', CommandTimeout='30']
      SELECT TOP(1) [i].[Id], [i].[Icon], [i].[IsDeleted], [i].[Name], [i].[Slug]
      FROM [Interests] AS [i]
      WHERE [i].[Name] = @__topic_Item1_0
info: Microsoft.EntityFrameworkCore.Database.Command[20101]
      Executed DbCommand (3ms) [Parameters=[@__topic_Item1_0='?' (Size = 256)], CommandType='Text', CommandTimeout='30']
      SELECT TOP(1) [f].[Id], [f].[AvatarUrl], [f].[CreatedAt], [f].[CreatorId], [f].[Description], [f].[Handle], [f].[IsDeleted], [f].[IsOfficial], [f].[Name], [f].[SubscribersCount], [f].[Tid]
      FROM [Feeds] AS [f]
      WHERE [f].[IsOfficial] = CAST(1 AS bit) AND [f].[Name] = @__topic_Item1_0
info: Microsoft.EntityFrameworkCore.Database.Command[20101]
      Executed DbCommand (2ms) [Parameters=[@__topic_Item1_0='?' (Size = 100)], CommandType='Text', CommandTimeout='30']
      SELECT TOP(1) [i].[Id], [i].[Icon], [i].[IsDeleted], [i].[Name], [i].[Slug]
      FROM [Interests] AS [i]
      WHERE [i].[Name] = @__topic_Item1_0
info: Microsoft.EntityFrameworkCore.Database.Command[20101]
      Executed DbCommand (3ms) [Parameters=[@__topic_Item1_0='?' (Size = 256)], CommandType='Text', CommandTimeout='30']
      SELECT TOP(1) [f].[Id], [f].[AvatarUrl], [f].[CreatedAt], [f].[CreatorId], [f].[Description], [f].[Handle], [f].[IsDeleted], [f].[IsOfficial], [f].[Name], [f].[SubscribersCount], [f].[Tid]
      FROM [Feeds] AS [f]
      WHERE [f].[IsOfficial] = CAST(1 AS bit) AND [f].[Name] = @__topic_Item1_0
info: Microsoft.EntityFrameworkCore.Database.Command[20101]
      Executed DbCommand (2ms) [Parameters=[@__topic_Item1_0='?' (Size = 100)], CommandType='Text', CommandTimeout='30']
      SELECT TOP(1) [i].[Id], [i].[Icon], [i].[IsDeleted], [i].[Name], [i].[Slug]
      FROM [Interests] AS [i]
      WHERE [i].[Name] = @__topic_Item1_0
info: Microsoft.EntityFrameworkCore.Database.Command[20101]
      Executed DbCommand (3ms) [Parameters=[@__topic_Item1_0='?' (Size = 256)], CommandType='Text', CommandTimeout='30']
      SELECT TOP(1) [f].[Id], [f].[AvatarUrl], [f].[CreatedAt], [f].[CreatorId], [f].[Description], [f].[Handle], [f].[IsDeleted], [f].[IsOfficial], [f].[Name], [f].[SubscribersCount], [f].[Tid]
      FROM [Feeds] AS [f]
      WHERE [f].[IsOfficial] = CAST(1 AS bit) AND [f].[Name] = @__topic_Item1_0
info: Microsoft.EntityFrameworkCore.Database.Command[20101]
      Executed DbCommand (2ms) [Parameters=[@__topic_Item1_0='?' (Size = 100)], CommandType='Text', CommandTimeout='30']
      SELECT TOP(1) [i].[Id], [i].[Icon], [i].[IsDeleted], [i].[Name], [i].[Slug]
      FROM [Interests] AS [i]
      WHERE [i].[Name] = @__topic_Item1_0
info: Microsoft.EntityFrameworkCore.Database.Command[20101]
      Executed DbCommand (3ms) [Parameters=[@__topic_Item1_0='?' (Size = 256)], CommandType='Text', CommandTimeout='30']
      SELECT TOP(1) [f].[Id], [f].[AvatarUrl], [f].[CreatedAt], [f].[CreatorId], [f].[Description], [f].[Handle], [f].[IsDeleted], [f].[IsOfficial], [f].[Name], [f].[SubscribersCount], [f].[Tid]
      FROM [Feeds] AS [f]
      WHERE [f].[IsOfficial] = CAST(1 AS bit) AND [f].[Name] = @__topic_Item1_0
info: Microsoft.EntityFrameworkCore.Database.Command[20101]
      Executed DbCommand (2ms) [Parameters=[@__topic_Item1_0='?' (Size = 100)], CommandType='Text', CommandTimeout='30']
      SELECT TOP(1) [i].[Id], [i].[Icon], [i].[IsDeleted], [i].[Name], [i].[Slug]
      FROM [Interests] AS [i]
      WHERE [i].[Name] = @__topic_Item1_0
info: Microsoft.EntityFrameworkCore.Database.Command[20101]
      Executed DbCommand (3ms) [Parameters=[@__topic_Item1_0='?' (Size = 256)], CommandType='Text', CommandTimeout='30']
      SELECT TOP(1) [f].[Id], [f].[AvatarUrl], [f].[CreatedAt], [f].[CreatorId], [f].[Description], [f].[Handle], [f].[IsDeleted], [f].[IsOfficial], [f].[Name], [f].[SubscribersCount], [f].[Tid]
      FROM [Feeds] AS [f]
      WHERE [f].[IsOfficial] = CAST(1 AS bit) AND [f].[Name] = @__topic_Item1_0
info: Microsoft.EntityFrameworkCore.Database.Command[20101]
      Executed DbCommand (2ms) [Parameters=[@__topic_Item1_0='?' (Size = 100)], CommandType='Text', CommandTimeout='30']
      SELECT TOP(1) [i].[Id], [i].[Icon], [i].[IsDeleted], [i].[Name], [i].[Slug]
      FROM [Interests] AS [i]
      WHERE [i].[Name] = @__topic_Item1_0
info: Microsoft.EntityFrameworkCore.Database.Command[20101]
      Executed DbCommand (3ms) [Parameters=[@__topic_Item1_0='?' (Size = 256)], CommandType='Text', CommandTimeout='30']
      SELECT TOP(1) [f].[Id], [f].[AvatarUrl], [f].[CreatedAt], [f].[CreatorId], [f].[Description], [f].[Handle], [f].[IsDeleted], [f].[IsOfficial], [f].[Name], [f].[SubscribersCount], [f].[Tid]
      FROM [Feeds] AS [f]
      WHERE [f].[IsOfficial] = CAST(1 AS bit) AND [f].[Name] = @__topic_Item1_0
info: Microsoft.EntityFrameworkCore.Database.Command[20101]
      Executed DbCommand (2ms) [Parameters=[@__topic_Item1_0='?' (Size = 100)], CommandType='Text', CommandTimeout='30']
      SELECT TOP(1) [i].[Id], [i].[Icon], [i].[IsDeleted], [i].[Name], [i].[Slug]
      FROM [Interests] AS [i]
      WHERE [i].[Name] = @__topic_Item1_0
info: Microsoft.EntityFrameworkCore.Database.Command[20101]
      Executed DbCommand (3ms) [Parameters=[@__topic_Item1_0='?' (Size = 256)], CommandType='Text', CommandTimeout='30']
      SELECT TOP(1) [f].[Id], [f].[AvatarUrl], [f].[CreatedAt], [f].[CreatorId], [f].[Description], [f].[Handle], [f].[IsDeleted], [f].[IsOfficial], [f].[Name], [f].[SubscribersCount], [f].[Tid]
      FROM [Feeds] AS [f]
      WHERE [f].[IsOfficial] = CAST(1 AS bit) AND [f].[Name] = @__topic_Item1_0
info: Microsoft.EntityFrameworkCore.Database.Command[20101]
      Executed DbCommand (2ms) [Parameters=[@__topic_Item1_0='?' (Size = 100)], CommandType='Text', CommandTimeout='30']
      SELECT TOP(1) [i].[Id], [i].[Icon], [i].[IsDeleted], [i].[Name], [i].[Slug]
      FROM [Interests] AS [i]
      WHERE [i].[Name] = @__topic_Item1_0
info: Microsoft.EntityFrameworkCore.Database.Command[20101]
      Executed DbCommand (3ms) [Parameters=[@__topic_Item1_0='?' (Size = 256)], CommandType='Text', CommandTimeout='30']
      SELECT TOP(1) [f].[Id], [f].[AvatarUrl], [f].[CreatedAt], [f].[CreatorId], [f].[Description], [f].[Handle], [f].[IsDeleted], [f].[IsOfficial], [f].[Name], [f].[SubscribersCount], [f].[Tid]
      FROM [Feeds] AS [f]
      WHERE [f].[IsOfficial] = CAST(1 AS bit) AND [f].[Name] = @__topic_Item1_0
info: Microsoft.EntityFrameworkCore.Database.Command[20101]
      Executed DbCommand (2ms) [Parameters=[@__topic_Item1_0='?' (Size = 100)], CommandType='Text', CommandTimeout='30']
      SELECT TOP(1) [i].[Id], [i].[Icon], [i].[IsDeleted], [i].[Name], [i].[Slug]
      FROM [Interests] AS [i]
      WHERE [i].[Name] = @__topic_Item1_0
info: Microsoft.EntityFrameworkCore.Database.Command[20101]
      Executed DbCommand (2ms) [Parameters=[@__topic_Item1_0='?' (Size = 256)], CommandType='Text', CommandTimeout='30']
      SELECT TOP(1) [f].[Id], [f].[AvatarUrl], [f].[CreatedAt], [f].[CreatorId], [f].[Description], [f].[Handle], [f].[IsDeleted], [f].[IsOfficial], [f].[Name], [f].[SubscribersCount], [f].[Tid]
      FROM [Feeds] AS [f]
      WHERE [f].[IsOfficial] = CAST(1 AS bit) AND [f].[Name] = @__topic_Item1_0
info: Microsoft.EntityFrameworkCore.Database.Command[20101]
      Executed DbCommand (2ms) [Parameters=[@__topic_Item1_0='?' (Size = 100)], CommandType='Text', CommandTimeout='30']
      SELECT TOP(1) [i].[Id], [i].[Icon], [i].[IsDeleted], [i].[Name], [i].[Slug]
      FROM [Interests] AS [i]
      WHERE [i].[Name] = @__topic_Item1_0
info: Microsoft.EntityFrameworkCore.Database.Command[20101]
      Executed DbCommand (2ms) [Parameters=[@__topic_Item1_0='?' (Size = 256)], CommandType='Text', CommandTimeout='30']
      SELECT TOP(1) [f].[Id], [f].[AvatarUrl], [f].[CreatedAt], [f].[CreatorId], [f].[Description], [f].[Handle], [f].[IsDeleted], [f].[IsOfficial], [f].[Name], [f].[SubscribersCount], [f].[Tid]
      FROM [Feeds] AS [f]
      WHERE [f].[IsOfficial] = CAST(1 AS bit) AND [f].[Name] = @__topic_Item1_0
info: Microsoft.EntityFrameworkCore.Database.Command[20101]
      Executed DbCommand (2ms) [Parameters=[@__topic_Item1_0='?' (Size = 100)], CommandType='Text', CommandTimeout='30']
      SELECT TOP(1) [i].[Id], [i].[Icon], [i].[IsDeleted], [i].[Name], [i].[Slug]
      FROM [Interests] AS [i]
      WHERE [i].[Name] = @__topic_Item1_0
info: Microsoft.EntityFrameworkCore.Database.Command[20101]
      Executed DbCommand (2ms) [Parameters=[@__topic_Item1_0='?' (Size = 256)], CommandType='Text', CommandTimeout='30']
      SELECT TOP(1) [f].[Id], [f].[AvatarUrl], [f].[CreatedAt], [f].[CreatorId], [f].[Description], [f].[Handle], [f].[IsDeleted], [f].[IsOfficial], [f].[Name], [f].[SubscribersCount], [f].[Tid]
      FROM [Feeds] AS [f]
      WHERE [f].[IsOfficial] = CAST(1 AS bit) AND [f].[Name] = @__topic_Item1_0
info: BSkyClone.Services.FirehoseService[0]
      FirehoseService starting...
info: BSkyClone.Services.FirehoseService[0]
      Connecting to Relay: wss://bsky.network/xrpc/com.atproto.sync.subscribeRepos
info: Microsoft.Hosting.Lifetime[14]
      Now listening on: http://localhost:5000
info: Microsoft.Hosting.Lifetime[0]
      Application started. Press Ctrl+C to shut down.
info: Microsoft.Hosting.Lifetime[0]
      Hosting environment: Development
info: Microsoft.Hosting.Lifetime[0]
      Content root path: C:\Projects\BlueSky\backend
info: BSkyClone.Services.FirehoseService[0]
      Connected to Firehose.
